<?xml version="1.0" encoding="UTF-8" standalone="no"?><testsuite errors="2" failures="0" name="Gesti칩n de promociones en Fluffy Deals Hub" skipped="0" tests="2" time="1.39" timestamp="2025-11-29 03:47:12"><testcase name="Crear una promoci칩n v치lida"><error message="Could not instantiate class org.openqa.selenium.firefox.FirefoxDriver" type="net.thucydides.core.webdriver.DriverConfigurationError">Could not instantiate class org.openqa.selenium.firefox.FirefoxDriver</error><system-err>Could not instantiate class org.openqa.selenium.firefox.FirefoxDriver
co.edu.udea.certificacion.petStore.tasks.OpenThe.performAs(OpenThe.java:21)
co.edu.udea.certificacion.petStore.stepdefinitions.FluffyLoginStepDefinition.openMainPage(FluffyLoginStepDefinition.java:26)
worker.org.gradle.process.internal.worker.GradleWorkerMain.run(GradleWorkerMain.java:69)
worker.org.gradle.process.internal.worker.GradleWorkerMain.main(GradleWorkerMain.java:74)
</system-err></testcase><testcase name="Validar campos obligatorios al crear promoci칩n"><error message="Could not instantiate class org.openqa.selenium.firefox.FirefoxDriver" type="net.thucydides.core.webdriver.DriverConfigurationError">Could not instantiate class org.openqa.selenium.firefox.FirefoxDriver</error><system-err>Could not instantiate class org.openqa.selenium.firefox.FirefoxDriver
co.edu.udea.certificacion.petStore.tasks.OpenThe.performAs(OpenThe.java:21)
co.edu.udea.certificacion.petStore.stepdefinitions.FluffyLoginStepDefinition.openMainPage(FluffyLoginStepDefinition.java:26)
worker.org.gradle.process.internal.worker.GradleWorkerMain.run(GradleWorkerMain.java:69)
worker.org.gradle.process.internal.worker.GradleWorkerMain.main(GradleWorkerMain.java:74)
</system-err></testcase></testsuite>